<?xml version="1.0" encoding="UTF-8"?>
<!-- Generated by org.testng.reporters.JUnitReportReporter -->
<testsuite hostname="Ekamban-Laptop" failures="0" tests="1" name="TP.E2ESelenium.HomePage" time="6.676" errors="0" timestamp="2020-09-24T17:06:45 NZST" skipped="0">
  <testcase classname="TP.E2ESelenium.HomePage" name="homepagenaviagation" time="6.676"/>
  <system-out/>
</testsuite> <!-- TP.E2ESelenium.HomePage -->
